  list.c
E:\桌面\数据结构\230508双向链表（有头循环）\230508双向链表（有头循环）\list.c(21,21): warning C4133: “=”: 从“LTNode *”到“ListNode *”的类型不兼容
E:\桌面\数据结构\230508双向链表（有头循环）\230508双向链表（有头循环）\list.c(22,21): warning C4133: “=”: 从“LTNode *”到“ListNode *”的类型不兼容
E:\桌面\数据结构\230508双向链表（有头循环）\230508双向链表（有头循环）\list.c(32,1): warning C4133: “初始化”: 从“ListNode *”到“LTNode *”的类型不兼容
E:\桌面\数据结构\230508双向链表（有头循环）\230508双向链表（有头循环）\list.c(35,1): warning C4133: “初始化”: 从“ListNode *”到“LTNode *”的类型不兼容
E:\桌面\数据结构\230508双向链表（有头循环）\230508双向链表（有头循环）\list.c(53,18): warning C4133: “=”: 从“ListNode *”到“LTNode *”的类型不兼容
E:\桌面\数据结构\230508双向链表（有头循环）\230508双向链表（有头循环）\list.c(49,1): warning C4133: “初始化”: 从“ListNode *”到“LTNode *”的类型不兼容
E:\桌面\数据结构\230508双向链表（有头循环）\230508双向链表（有头循环）\list.c(67,22): warning C4133: “=”: 从“LTNode *”到“ListNode *”的类型不兼容
E:\桌面\数据结构\230508双向链表（有头循环）\230508双向链表（有头循环）\list.c(68,22): warning C4133: “=”: 从“LTNode *”到“ListNode *”的类型不兼容
E:\桌面\数据结构\230508双向链表（有头循环）\230508双向链表（有头循环）\list.c(69,23): warning C4133: “=”: 从“LTNode *”到“ListNode *”的类型不兼容
E:\桌面\数据结构\230508双向链表（有头循环）\230508双向链表（有头循环）\list.c(70,23): warning C4133: “=”: 从“LTNode *”到“ListNode *”的类型不兼容
E:\桌面\数据结构\230508双向链表（有头循环）\230508双向链表（有头循环）\list.c(66,1): warning C4133: “初始化”: 从“ListNode *”到“LTNode *”的类型不兼容
E:\桌面\数据结构\230508双向链表（有头循环）\230508双向链表（有头循环）\list.c(74,46): warning C4133: “==”: 从“LTNode *”到“ListNode *”的类型不兼容
E:\桌面\数据结构\230508双向链表（有头循环）\230508双向链表（有头循环）\list.c(80,23): warning C4133: “=”: 从“LTNode *”到“ListNode *”的类型不兼容
E:\桌面\数据结构\230508双向链表（有头循环）\230508双向链表（有头循环）\list.c(81,23): warning C4133: “=”: 从“LTNode *”到“ListNode *”的类型不兼容
E:\桌面\数据结构\230508双向链表（有头循环）\230508双向链表（有头循环）\list.c(78,1): warning C4133: “初始化”: 从“ListNode *”到“LTNode *”的类型不兼容
E:\桌面\数据结构\230508双向链表（有头循环）\230508双向链表（有头循环）\list.c(79,1): warning C4133: “初始化”: 从“ListNode *”到“LTNode *”的类型不兼容
E:\桌面\数据结构\230508双向链表（有头循环）\230508双向链表（有头循环）\list.c(94,22): warning C4133: “=”: 从“LTNode *”到“ListNode *”的类型不兼容
E:\桌面\数据结构\230508双向链表（有头循环）\230508双向链表（有头循环）\list.c(95,22): warning C4133: “=”: 从“LTNode *”到“ListNode *”的类型不兼容
E:\桌面\数据结构\230508双向链表（有头循环）\230508双向链表（有头循环）\list.c(96,23): warning C4133: “=”: 从“LTNode *”到“ListNode *”的类型不兼容
E:\桌面\数据结构\230508双向链表（有头循环）\230508双向链表（有头循环）\list.c(97,23): warning C4133: “=”: 从“LTNode *”到“ListNode *”的类型不兼容
E:\桌面\数据结构\230508双向链表（有头循环）\230508双向链表（有头循环）\list.c(93,1): warning C4133: “初始化”: 从“ListNode *”到“LTNode *”的类型不兼容
E:\桌面\数据结构\230508双向链表（有头循环）\230508双向链表（有头循环）\list.c(101,46): warning C4133: “==”: 从“LTNode *”到“ListNode *”的类型不兼容
E:\桌面\数据结构\230508双向链表（有头循环）\230508双向链表（有头循环）\list.c(108,23): warning C4133: “=”: 从“LTNode *”到“ListNode *”的类型不兼容
E:\桌面\数据结构\230508双向链表（有头循环）\230508双向链表（有头循环）\list.c(109,23): warning C4133: “=”: 从“LTNode *”到“ListNode *”的类型不兼容
E:\桌面\数据结构\230508双向链表（有头循环）\230508双向链表（有头循环）\list.c(105,1): warning C4133: “初始化”: 从“ListNode *”到“LTNode *”的类型不兼容
E:\桌面\数据结构\230508双向链表（有头循环）\230508双向链表（有头循环）\list.c(106,1): warning C4133: “初始化”: 从“ListNode *”到“LTNode *”的类型不兼容
E:\桌面\数据结构\230508双向链表（有头循环）\230508双向链表（有头循环）\list.c(117,3): warning C4033: “LTFind”必须返回值
E:\桌面\数据结构\230508双向链表（有头循环）\230508双向链表（有头循环）\list.c(128,19): warning C4133: “=”: 从“ListNode *”到“LTNode *”的类型不兼容
E:\桌面\数据结构\230508双向链表（有头循环）\230508双向链表（有头循环）\list.c(119,1): warning C4133: “初始化”: 从“ListNode *”到“LTNode *”的类型不兼容
E:\桌面\数据结构\230508双向链表（有头循环）\230508双向链表（有头循环）\list.c(142,22): warning C4133: “=”: 从“LTNode *”到“ListNode *”的类型不兼容
E:\桌面\数据结构\230508双向链表（有头循环）\230508双向链表（有头循环）\list.c(143,22): warning C4133: “=”: 从“LTNode *”到“ListNode *”的类型不兼容
E:\桌面\数据结构\230508双向链表（有头循环）\230508双向链表（有头循环）\list.c(144,21): warning C4133: “=”: 从“LTNode *”到“ListNode *”的类型不兼容
E:\桌面\数据结构\230508双向链表（有头循环）\230508双向链表（有头循环）\list.c(145,21): warning C4133: “=”: 从“LTNode *”到“ListNode *”的类型不兼容
E:\桌面\数据结构\230508双向链表（有头循环）\230508双向链表（有头循环）\list.c(141,1): warning C4133: “初始化”: 从“ListNode *”到“LTNode *”的类型不兼容
E:\桌面\数据结构\230508双向链表（有头循环）\230508双向链表（有头循环）\list.c(157,25): warning C4133: “=”: 从“LTNode *”到“ListNode *”的类型不兼容
E:\桌面\数据结构\230508双向链表（有头循环）\230508双向链表（有头循环）\list.c(158,25): warning C4133: “=”: 从“LTNode *”到“ListNode *”的类型不兼容
E:\桌面\数据结构\230508双向链表（有头循环）\230508双向链表（有头循环）\list.c(159,21): warning C4133: “=”: 从“LTNode *”到“ListNode *”的类型不兼容
E:\桌面\数据结构\230508双向链表（有头循环）\230508双向链表（有头循环）\list.c(160,21): warning C4133: “=”: 从“LTNode *”到“ListNode *”的类型不兼容
E:\桌面\数据结构\230508双向链表（有头循环）\230508双向链表（有头循环）\list.c(155,1): warning C4133: “初始化”: 从“ListNode *”到“LTNode *”的类型不兼容
E:\桌面\数据结构\230508双向链表（有头循环）\230508双向链表（有头循环）\list.c(171,19): warning C4133: “=”: 从“LTNode *”到“ListNode *”的类型不兼容
E:\桌面\数据结构\230508双向链表（有头循环）\230508双向链表（有头循环）\list.c(172,19): warning C4133: “=”: 从“LTNode *”到“ListNode *”的类型不兼容
E:\桌面\数据结构\230508双向链表（有头循环）\230508双向链表（有头循环）\list.c(169,1): warning C4133: “初始化”: 从“ListNode *”到“LTNode *”的类型不兼容
E:\桌面\数据结构\230508双向链表（有头循环）\230508双向链表（有头循环）\list.c(170,1): warning C4133: “初始化”: 从“ListNode *”到“LTNode *”的类型不兼容
  test.c
E:\桌面\数据结构\230508双向链表（有头循环）\230508双向链表（有头循环）\test.c(17,22): warning C4133: “函数”: 从“ListNode *”到“LTNode *”的类型不兼容
E:\桌面\数据结构\230508双向链表（有头循环）\230508双向链表（有头循环）\test.c(19,26): warning C4133: “函数”: 从“ListNode *”到“LTNode *”的类型不兼容
E:\桌面\数据结构\230508双向链表（有头循环）\230508双向链表（有头循环）\test.c(21,21): warning C4133: “函数”: 从“ListNode *”到“LTNode *”的类型不兼容
  正在生成代码...
E:\桌面\数据结构\230508双向链表（有头循环）\230508双向链表（有头循环）\list.c(132): warning C4715: “LTFind”: 不是所有的控件路径都返回值
  230508双向链表（有头循环）.vcxproj -> E:\桌面\数据结构\230508双向链表（有头循环）\Debug\230508双向链表（有头循环）.exe
